[2025-12-23T11:21:07.521Z] GET /api/dashboard/summary - STATUS:401 - TIME:430.19ms
[2025-12-23T11:21:08.118Z] POST /api/auth/refresh - STATUS:200 - TIME:537.11ms
[2025-12-23T11:21:08.413Z] GET /api/dashboard/summary - STATUS:401 - TIME:244.97ms
[2025-12-23T11:21:12.602Z] GET /api/dashboard/summary - STATUS:200 - TIME:484.13ms
[2025-12-23T11:22:07.284Z] GET /api/dashboard/summary - STATUS:200 - TIME:497.42ms
[2025-12-23T11:25:12.778Z] GET /api/dashboard/summary - STATUS:200 - TIME:479.08ms
[2025-12-23T11:25:28.344Z] POST /api/auth/refresh - STATUS:200 - TIME:474.55ms
[2025-12-23T11:25:29.279Z] GET /api/dashboard/summary - STATUS:200 - TIME:481.52ms
[2025-12-23T11:26:22.067Z] GET /api/dashboard/summary - STATUS:200 - TIME:481.87ms
[2025-12-23T11:29:05.404Z] GET /api/dashboard/summary - STATUS:200 - TIME:500.83ms
[2025-12-23T11:31:16.439Z] GET /api/dashboard/summary - STATUS:200 - TIME:599.74ms
[2025-12-23T11:33:02.686Z] GET /api/dashboard/summary - STATUS:200 - TIME:528.28ms
[2025-12-23T11:33:10.403Z] POST /api/auth/refresh - STATUS:200 - TIME:471.10ms
[2025-12-23T11:33:11.296Z] GET /api/dashboard/summary - STATUS:200 - TIME:501.57ms
[2025-12-23T11:35:21.452Z] GET /api/dashboard/summary - STATUS:200 - TIME:451.99ms
[2025-12-23T11:36:50.379Z] GET /api/dashboard/summary - STATUS:200 - TIME:532.95ms
[2025-12-23T11:37:08.539Z] GET /api/dashboard/summary - STATUS:200 - TIME:465.03ms
[2025-12-23T11:37:14.670Z] GET /api/dashboard/summary - STATUS:200 - TIME:463.64ms
[2025-12-23T11:38:02.008Z] GET /api/dashboard/summary - STATUS:200 - TIME:553.99ms
[2025-12-23T11:38:02.608Z] GET /api/dashboard/summary - STATUS:200 - TIME:468.06ms
[2025-12-23T11:40:02.924Z] GET /api/dashboard/summary - STATUS:200 - TIME:437.57ms
[2025-12-23T11:40:36.154Z] GET /api/dashboard/summary - STATUS:200 - TIME:517.34ms
[2025-12-23T11:40:52.108Z] GET /api/dashboard/summary - STATUS:200 - TIME:504.87ms
[2025-12-23T11:41:16.942Z] GET /api/dashboard/summary - STATUS:200 - TIME:485.97ms
[2025-12-23T11:41:17.522Z] GET /api/dashboard/summary - STATUS:200 - TIME:493.54ms
[2025-12-23T11:41:20.137Z] POST /api/auth/refresh - STATUS:200 - TIME:529.95ms
[2025-12-23T11:41:21.032Z] GET /api/dashboard/summary - STATUS:200 - TIME:505.94ms
[2025-12-23T11:41:45.892Z] GET /api/dashboard/summary - STATUS:200 - TIME:518.97ms
[2025-12-23T11:41:46.401Z] GET /api/dashboard/summary - STATUS:200 - TIME:431.50ms
[2025-12-23T11:41:48.703Z] POST /api/auth/refresh - STATUS:200 - TIME:609.57ms
[2025-12-23T11:41:49.602Z] GET /api/dashboard/summary - STATUS:200 - TIME:526.74ms
[2025-12-23T11:41:59.402Z] GET /api/dashboard/summary - STATUS:200 - TIME:455.19ms
[2025-12-23T12:21:36.323Z] GET /api/dashboard/summary - STATUS:401 - TIME:228.86ms
[2025-12-23T12:21:36.844Z] POST /api/auth/refresh - STATUS:200 - TIME:452.14ms
[2025-12-23T12:21:37.075Z] GET /api/dashboard/summary - STATUS:401 - TIME:203.07ms
[2025-12-23T12:21:40.107Z] GET /api/dashboard/summary - STATUS:200 - TIME:459.85ms
[2025-12-23T12:21:50.696Z] GET /api/dashboard/summary - STATUS:200 - TIME:469.88ms
[2025-12-23T12:22:13.335Z] GET /api/dashboard/summary - STATUS:200 - TIME:497.12ms
[2025-12-23T12:25:49.924Z] GET /api/dashboard/summary - STATUS:200 - TIME:534.71ms
[2025-12-23T12:26:12.533Z] GET /api/dashboard/summary - STATUS:200 - TIME:441.95ms
[2025-12-23T12:27:20.436Z] GET /api/dashboard/summary - STATUS:200 - TIME:460.99ms
[2025-12-23T12:43:05.450Z] GET /api/tasks - STATUS:401 - TIME:377.06ms
[2025-12-23T12:43:06.099Z] GET /api/tasks - STATUS:401 - TIME:296.26ms
[2025-12-23T12:43:06.127Z] POST /api/auth/refresh - STATUS:200 - TIME:581.93ms
[2025-12-23T12:43:06.389Z] GET /api/tasks - STATUS:401 - TIME:228.91ms
[2025-12-23T12:43:06.692Z] POST /api/auth/refresh - STATUS:200 - TIME:577.62ms
[2025-12-23T12:43:07.331Z] GET /api/tasks - STATUS:200 - TIME:601.55ms
[2025-12-23T12:43:11.721Z] GET /api/dashboard/summary - STATUS:200 - TIME:505.94ms
[2025-12-23T12:43:14.121Z] GET /api/tasks - STATUS:200 - TIME:454.70ms
[2025-12-23T12:44:08.819Z] GET /api/tasks - STATUS:200 - TIME:522.66ms
[2025-12-23T12:45:27.936Z] GET /api/tasks - STATUS:200 - TIME:461.47ms
[2025-12-23T12:46:15.776Z] GET /api/tasks - STATUS:200 - TIME:501.34ms
[2025-12-23T12:46:32.005Z] GET /api/tasks - STATUS:200 - TIME:437.27ms
[2025-12-23T12:51:54.252Z] POST /api/auth/refresh - STATUS:200 - TIME:528.14ms
[2025-12-23T12:51:54.841Z] GET /api/dashboard/summary - STATUS:200 - TIME:477.49ms
[2025-12-23T12:52:18.387Z] POST /api/auth/refresh - STATUS:200 - TIME:598.69ms
[2025-12-23T12:52:19.056Z] GET /api/dashboard/summary - STATUS:200 - TIME:589.28ms
[2025-12-23T12:52:40.168Z] GET /api/tasks - STATUS:200 - TIME:495.01ms
[2025-12-23T12:52:44.225Z] GET /api/dashboard/summary - STATUS:200 - TIME:496.89ms
[2025-12-23T12:52:46.265Z] GET /api/tasks - STATUS:200 - TIME:535.49ms
[2025-12-23T12:53:15.214Z] GET /api/tasks - STATUS:200 - TIME:447.96ms
[2025-12-23T12:59:49.439Z] POST /api/auth/refresh - STATUS:200 - TIME:501.60ms
[2025-12-23T12:59:50.113Z] GET /api/dashboard/summary - STATUS:200 - TIME:525.59ms
[2025-12-23T12:59:53.663Z] GET /api/tasks - STATUS:200 - TIME:484.22ms
[2025-12-23T13:00:54.982Z] GET /api/tasks - STATUS:200 - TIME:494.05ms
[2025-12-23T13:01:04.318Z] GET /api/tasks - STATUS:200 - TIME:500.07ms
[2025-12-23T13:01:10.517Z] GET /api/tasks - STATUS:200 - TIME:565.09ms
[2025-12-23T13:01:10.982Z] GET /api/tasks - STATUS:200 - TIME:432.92ms
[2025-12-23T13:03:01.237Z] GET /api/tasks - STATUS:200 - TIME:520.58ms
[2025-12-23T13:04:31.797Z] GET /api/tasks - STATUS:200 - TIME:500.80ms
[2025-12-23T13:04:34.418Z] GET /api/tasks - STATUS:200 - TIME:452.97ms
[2025-12-23T13:04:35.478Z] GET /api/tasks - STATUS:200 - TIME:460.95ms
[2025-12-23T13:04:39.837Z] GET /api/dashboard/summary - STATUS:200 - TIME:508.34ms
[2025-12-23T13:04:42.494Z] GET /api/tasks - STATUS:200 - TIME:444.82ms
[2025-12-23T13:04:47.343Z] POST /api/auth/refresh - STATUS:200 - TIME:700.40ms
[2025-12-23T13:04:48.207Z] GET /api/dashboard/summary - STATUS:200 - TIME:490.86ms
[2025-12-23T13:05:09.338Z] GET /api/tasks - STATUS:200 - TIME:460.79ms
[2025-12-23T13:05:10.647Z] GET /api/tasks - STATUS:200 - TIME:479.27ms
[2025-12-23T13:05:11.106Z] GET /api/tasks - STATUS:200 - TIME:445.19ms
[2025-12-23T13:05:28.096Z] GET /api/tasks - STATUS:200 - TIME:508.66ms
[2025-12-23T13:05:31.217Z] GET /api/tasks - STATUS:200 - TIME:564.95ms
[2025-12-23T13:05:31.779Z] GET /api/tasks - STATUS:200 - TIME:525.36ms
[2025-12-23T13:05:36.820Z] GET /api/tasks - STATUS:200 - TIME:526.16ms
[2025-12-23T13:06:36.822Z] GET /api/tasks - STATUS:200 - TIME:414.65ms
[2025-12-23T13:06:51.353Z] GET /api/tasks - STATUS:200 - TIME:529.68ms
[2025-12-23T13:06:51.912Z] GET /api/tasks - STATUS:200 - TIME:512.01ms
[2025-12-23T13:07:23.926Z] POST /api/auth/refresh - STATUS:200 - TIME:619.91ms
[2025-12-23T13:07:24.810Z] GET /api/dashboard/summary - STATUS:200 - TIME:486.84ms
[2025-12-23T13:07:29.843Z] GET /api/tasks - STATUS:200 - TIME:545.74ms
[2025-12-23T13:08:07.830Z] GET /api/dashboard/summary - STATUS:200 - TIME:489.98ms
[2025-12-23T13:08:12.730Z] GET /api/tasks - STATUS:200 - TIME:491.30ms
[2025-12-23T13:08:24.218Z] POST /api/auth/refresh - STATUS:200 - TIME:488.50ms
[2025-12-23T13:08:25.088Z] GET /api/dashboard/summary - STATUS:200 - TIME:498.91ms
[2025-12-23T13:08:28.809Z] GET /api/tasks - STATUS:200 - TIME:497.78ms
[2025-12-23T13:08:41.528Z] GET /api/tasks - STATUS:200 - TIME:469.00ms
[2025-12-23T13:08:54.429Z] GET /api/dashboard/summary - STATUS:200 - TIME:507.38ms
[2025-12-23T13:08:56.259Z] GET /api/tasks - STATUS:200 - TIME:482.22ms
[2025-12-23T13:08:59.830Z] POST /api/auth/refresh - STATUS:200 - TIME:794.93ms
[2025-12-23T13:09:00.708Z] GET /api/dashboard/summary - STATUS:200 - TIME:510.05ms
[2025-12-23T13:09:04.569Z] GET /api/tasks - STATUS:200 - TIME:464.05ms
[2025-12-23T13:10:34.329Z] GET /api/tasks - STATUS:200 - TIME:2058.76ms
[2025-12-23T13:10:39.213Z] POST /api/auth/refresh - STATUS:200 - TIME:541.23ms
[2025-12-23T13:10:40.126Z] GET /api/dashboard/summary - STATUS:200 - TIME:494.11ms
[2025-12-23T13:10:43.228Z] GET /api/tasks - STATUS:200 - TIME:480.00ms
[2025-12-23T13:11:28.917Z] GET /api/tasks - STATUS:200 - TIME:570.50ms
[2025-12-23T13:12:04.157Z] GET /api/tasks - STATUS:200 - TIME:610.64ms
[2025-12-23T13:12:10.577Z] GET /api/tasks - STATUS:200 - TIME:676.77ms
[2025-12-23T13:12:14.966Z] GET /api/tasks - STATUS:200 - TIME:480.06ms
[2025-12-23T13:13:58.094Z] GET /api/tasks - STATUS:200 - TIME:469.92ms
[2025-12-23T13:28:21.671Z] GET /api/dashboard/summary - STATUS:401 - TIME:195.49ms
[2025-12-23T13:28:22.180Z] POST /api/auth/refresh - STATUS:200 - TIME:475.98ms
[2025-12-23T13:28:22.390Z] GET /api/dashboard/summary - STATUS:401 - TIME:176.62ms
[2025-12-23T13:28:23.857Z] GET /api/dashboard/summary - STATUS:200 - TIME:442.05ms
[2025-12-23T13:28:28.859Z] GET /api/tasks - STATUS:200 - TIME:529.76ms
[2025-12-23T13:29:49.806Z] GET /api/tasks?status=pending - STATUS:200 - TIME:640.72ms
[2025-12-23T13:29:51.286Z] GET /api/tasks - STATUS:200 - TIME:470.84ms
[2025-12-23T13:31:06.304Z] GET /api/tasks?status=pending - STATUS:200 - TIME:479.28ms
[2025-12-23T13:31:07.484Z] GET /api/tasks - STATUS:200 - TIME:450.42ms
[2025-12-23T13:31:09.016Z] GET /api/tasks?status=in_progress - STATUS:200 - TIME:443.57ms
[2025-12-23T13:31:10.584Z] GET /api/tasks - STATUS:200 - TIME:471.93ms
[2025-12-23T13:32:41.317Z] GET /api/tasks - STATUS:200 - TIME:524.26ms
[2025-12-23T13:32:47.202Z] GET /api/dashboard/summary - STATUS:200 - TIME:543.73ms
[2025-12-23T13:33:55.553Z] GET /api/dashboard/summary - STATUS:200 - TIME:427.09ms
[2025-12-23T13:34:06.530Z] GET /api/tasks - STATUS:200 - TIME:562.48ms
[2025-12-23T13:34:56.759Z] GET /api/tasks?status=pending - STATUS:200 - TIME:490.38ms
[2025-12-23T13:34:58.225Z] GET /api/tasks - STATUS:200 - TIME:524.65ms
[2025-12-23T13:49:36.849Z] POST /api/auth/refresh - STATUS:200 - TIME:757.71ms
[2025-12-23T13:49:37.572Z] GET /api/dashboard/summary - STATUS:200 - TIME:637.61ms
[2025-12-23T13:49:40.334Z] GET /api/tasks - STATUS:200 - TIME:532.80ms
[2025-12-23T13:49:57.235Z] POST /api/auth/refresh - STATUS:200 - TIME:631.59ms
[2025-12-23T13:50:08.194Z] GET /api/dashboard/summary - STATUS:200 - TIME:484.78ms
[2025-12-23T13:50:13.910Z] GET /api/tasks - STATUS:200 - TIME:498.21ms
[2025-12-23T13:54:11.117Z] GET /api/tasks?status=pending - STATUS:200 - TIME:478.93ms
[2025-12-23T13:54:12.537Z] GET /api/tasks - STATUS:200 - TIME:445.94ms
[2025-12-23T13:54:44.186Z] GET /api/tasks?status=in_progress - STATUS:200 - TIME:467.55ms
[2025-12-23T13:54:47.005Z] GET /api/tasks - STATUS:200 - TIME:456.94ms
[2025-12-23T13:55:11.226Z] POST /api/auth/refresh - STATUS:200 - TIME:619.69ms
[2025-12-23T13:55:12.200Z] GET /api/dashboard/summary - STATUS:200 - TIME:600.34ms
[2025-12-23T13:55:15.895Z] GET /api/tasks - STATUS:200 - TIME:457.75ms
[2025-12-23T13:55:48.704Z] GET /api/tasks?status=pending - STATUS:200 - TIME:456.08ms
[2025-12-23T13:55:49.724Z] GET /api/tasks - STATUS:200 - TIME:427.32ms
[2025-12-23T13:57:13.274Z] GET /api/tasks - STATUS:200 - TIME:517.57ms
[2025-12-23T13:57:22.694Z] GET /api/tasks - STATUS:200 - TIME:464.88ms
[2025-12-23T13:57:29.084Z] GET /api/dashboard/summary - STATUS:200 - TIME:490.00ms
[2025-12-23T13:57:36.331Z] GET /api/tasks - STATUS:200 - TIME:483.23ms
[2025-12-23T13:57:38.662Z] GET /api/dashboard/summary - STATUS:200 - TIME:512.09ms
[2025-12-23T13:57:40.071Z] GET /api/tasks - STATUS:200 - TIME:492.47ms
